<?xml version="1.0" encoding="UTF-8"?>
<!-- Generated by org.testng.reporters.JUnitReportReporter -->
<testsuite skipped="0" hostname="OLOUGHLI10" name="com.hpe.caf.worker.jobtracking.JobTrackingWorkerIT" tests="3" failures="0" timestamp="19 Dec 2016 13:13:50 GMT" time="15.331" errors="0">
  <testcase name="testProxiedFailureMessage" time="4.782" classname="com.hpe.caf.worker.jobtracking.JobTrackingWorkerIT"/>
  <testcase name="testProxiedActiveMessage" time="5.480" classname="com.hpe.caf.worker.jobtracking.JobTrackingWorkerIT"/>
  <testcase name="testProxiedCompletedMessage" time="5.069" classname="com.hpe.caf.worker.jobtracking.JobTrackingWorkerIT"/>
</testsuite> <!-- com.hpe.caf.worker.jobtracking.JobTrackingWorkerIT -->
